Build started 30.01.2013 23:57:18.
     1>Project "C:\Documents and Settings\Admin\мои документы\visual studio 2010\Projects\Gemma_Define\Gemma_Define\Gemma_Define.vcxproj" on node 2 (build target(s)).
     1>InitializeBuildStatus:
         Creating "Debug\Gemma_Define.unsuccessfulbuild" because "AlwaysCreate" was specified.
       ClCompile:
         All outputs are up-to-date.
         C:\Program Files\Microsoft Visual Studio 10.0\VC\bin\CL.exe /c /ZI /nologo /W3 /WX- /Od /Oy- /D WIN32 /D _DEBUG /D _CONSOLE /D _UNICODE /D UNICODE /Gm /EHsc /RTC1 /MDd /GS /fp:precise /Zc:wchar_t /Zc:forScope /Yu"StdAfx.h" /Fp"Debug\Gemma_Define.pch" /Fo"Debug\\" /Fd"Debug\vc100.pdb" /Gd /TP /analyze- /errorReport:prompt Gemma_Define.cpp
         Gemma_Define.cpp
       ManifestResourceCompile:
         All outputs are up-to-date.
       Link:
         C:\Program Files\Microsoft Visual Studio 10.0\VC\bin\link.exe /ERRORREPORT:PROMPT /OUT:"C:\Documents and Settings\Admin\мои документы\visual studio 2010\Projects\Gemma_Define\Debug\Gemma_Define.exe" /INCREMENTAL /NOLOGO kernel32.lib user32.lib gdi32.lib winspool.lib comdlg32.lib advapi32.lib shell32.lib ole32.lib oleaut32.lib uuid.lib odbc32.lib odbccp32.lib /MANIFEST /ManifestFile:"Debug\Gemma_Define.exe.intermediate.manifest" /MANIFESTUAC:"level='asInvoker' uiAccess='false'" /DEBUG /PDB:"C:\Documents and Settings\Admin\мои документы\visual studio 2010\Projects\Gemma_Define\Debug\Gemma_Define.pdb" /SUBSYSTEM:CONSOLE /TLBID:1 /DYNAMICBASE /NXCOMPAT /IMPLIB:"C:\Documents and Settings\Admin\мои документы\visual studio 2010\Projects\Gemma_Define\Debug\Gemma_Define.lib" /MACHINE:X86 Debug\Gemma_Define.exe.embed.manifest.res
         Debug\GammaManager.obj
         Debug\Gemma_Define.obj
         Debug\stdafx.obj
       Manifest:
         C:\Program Files\Microsoft SDKs\Windows\v7.0A\bin\mt.exe /nologo /verbose /out:"Debug\Gemma_Define.exe.embed.manifest" /manifest Debug\Gemma_Define.exe.intermediate.manifest
         All outputs are up-to-date.
       LinkEmbedManifest:
         All outputs are up-to-date.
         Gemma_Define.vcxproj -> C:\Documents and Settings\Admin\мои документы\visual studio 2010\Projects\Gemma_Define\Debug\Gemma_Define.exe
       FinalizeBuildStatus:
         Deleting file "Debug\Gemma_Define.unsuccessfulbuild".
         Touching "Debug\Gemma_Define.lastbuildstate".
     1>Done Building Project "C:\Documents and Settings\Admin\мои документы\visual studio 2010\Projects\Gemma_Define\Gemma_Define\Gemma_Define.vcxproj" (build target(s)).

Build succeeded.

Time Elapsed 00:00:01.34
