D:\PLAY\MELODY\DEBUG\MELODY.EXE
D:\PLAY\MELODY\DEBUG\MELODY.PDB
D:\PLAY\MELODY\MELODY\DEBUG\ANALYZER.OBJ
D:\Play\Melody\Melody\Debug\cl.command.1.tlog
D:\Play\Melody\Melody\Debug\CL.read.1.tlog
D:\Play\Melody\Melody\Debug\CL.write.1.tlog
D:\PLAY\MELODY\MELODY\DEBUG\HARMONICMINORSCALE.OBJ
D:\Play\Melody\Melody\Debug\link.command.1.tlog
D:\Play\Melody\Melody\Debug\link.read.1.tlog
D:\Play\Melody\Melody\Debug\link.write.1.tlog
D:\PLAY\MELODY\MELODY\DEBUG\MAIN.OBJ
D:\PLAY\MELODY\MELODY\DEBUG\MELODY.EXE.INTERMEDIATE.MANIFEST
D:\Play\Melody\Melody\Debug\mt.command.1.tlog
D:\Play\Melody\Melody\Debug\mt.read.1.tlog
D:\Play\Melody\Melody\Debug\mt.write.1.tlog
D:\PLAY\MELODY\MELODY\DEBUG\NOTE.OBJ
D:\PLAY\MELODY\MELODY\DEBUG\NOTEGENERATOR.OBJ
D:\PLAY\MELODY\MELODY\DEBUG\NOTERCONTEXT.OBJ
D:\PLAY\MELODY\MELODY\DEBUG\PUREMAJORSCALE.OBJ
D:\PLAY\MELODY\MELODY\DEBUG\SCALE.OBJ
D:\PLAY\MELODY\MELODY\DEBUG\SCALEDEFINER.OBJ
D:\Play\Melody\Melody\Debug\vc100.idb
D:\PLAY\MELODY\MELODY\DEBUG\VC100.PDB
